# JRE version: Java(TM) SE Runtime Environment (19.0.2+7) (build 19.0.2+7-44)
# Java VM: Java HotSpot(TM) 64-Bit Server VM (19.0.2+7-44, mixed mode, sharing, tiered, compressed oops, compressed class ptrs, g1 gc, windows-amd64)
GC Precious Log:
 CardTable entry size: 512
 Card Set container configuration: InlinePtr #cards 5 size 8 Array Of Cards #cards 12 size 40 Howl #buckets 4 coarsen threshold 1843 Howl Bitmap #cards 512 size 80 coarsen threshold 460 Card regions per heap region 1 cards per card region 2048
 CPUs: 4 total, 4 available
 Memory: 8077M
 Large Page Support: Disabled
 NUMA Support: Disabled
 Compressed Oops: Enabled (32-bit)
 Heap Region Size: 1M
 Heap Min Capacity: 8M
 Heap Initial Capacity: 128M
 Heap Max Capacity: 2G
 Pre-touch: Disabled
 Parallel Workers: 4
 Concurrent Workers: 1
 Concurrent Refinement Workers: 4
 Periodic GC: Disabled
Heap:
 garbage-first heap   total 86016K, used 58496K [0x0000000080000000, 0x0000000100000000)
  region size 1024K, 39 young (39936K), 2 survivors (2048K)
 Metaspace       used 25731K, committed 26816K, reserved 487424K
  class space    used 3768K, committed 4352K, reserved 421888K
GC Heap History (10 events):
Event: 1.709 GC heap before
{Heap before GC invocations=0 (full 0):
 garbage-first heap   total 131072K, used 12288K [0x0000000080000000, 0x0000000100000000)
  region size 1024K, 13 young (13312K), 0 survivors (0K)
 Metaspace       used 958K, committed 1088K, reserved 487424K
  class space    used 71K, committed 128K, reserved 421888K
}
Event: 1.791 GC heap after
{Heap after GC invocations=1 (full 0):
 garbage-first heap   total 131072K, used 3347K [0x0000000080000000, 0x0000000100000000)
  region size 1024K, 2 young (2048K), 2 survivors (2048K)
 Metaspace       used 958K, committed 1088K, reserved 487424K
  class space    used 71K, committed 128K, reserved 421888K
}
Event: 4.335 GC heap before
{Heap before GC invocations=1 (full 0):
 garbage-first heap   total 131072K, used 23827K [0x0000000080000000, 0x0000000100000000)
  region size 1024K, 18 young (18432K), 2 survivors (2048K)
 Metaspace       used 3936K, committed 4160K, reserved 487424K
  class space    used 467K, committed 576K, reserved 421888K
}
Event: 4.341 GC heap after
{Heap after GC invocations=2 (full 0):
 garbage-first heap   total 131072K, used 10335K [0x0000000080000000, 0x0000000100000000)
  region size 1024K, 3 young (3072K), 3 survivors (3072K)
 Metaspace       used 3936K, committed 4160K, reserved 487424K
  class space    used 467K, committed 576K, reserved 421888K
}
Event: 7.145 GC heap before
{Heap before GC invocations=2 (full 0):
 garbage-first heap   total 131072K, used 33887K [0x0000000080000000, 0x0000000100000000)
  region size 1024K, 25 young (25600K), 3 survivors (3072K)
 Metaspace       used 4051K, committed 4224K, reserved 487424K
  class space    used 468K, committed 576K, reserved 421888K
}
Event: 7.150 GC heap after
{Heap after GC invocations=3 (full 0):
 garbage-first heap   total 131072K, used 13217K [0x0000000080000000, 0x0000000100000000)
  region size 1024K, 3 young (3072K), 3 survivors (3072K)
 Metaspace       used 4051K, committed 4224K, reserved 487424K
  class space    used 468K, committed 576K, reserved 421888K
}
Event: 15.926 GC heap before
{Heap before GC invocations=3 (full 0):
 garbage-first heap   total 131072K, used 86945K [0x0000000080000000, 0x0000000100000000)
  region size 1024K, 76 young (77824K), 3 survivors (3072K)
 Metaspace       used 18350K, committed 18944K, reserved 487424K
  class space    used 2572K, committed 2880K, reserved 421888K
}
Event: 15.944 GC heap after
{Heap after GC invocations=4 (full 0):
 garbage-first heap   total 131072K, used 20967K [0x0000000080000000, 0x0000000100000000)
  region size 1024K, 10 young (10240K), 10 survivors (10240K)
 Metaspace       used 18350K, committed 18944K, reserved 487424K
  class space    used 2572K, committed 2880K, reserved 421888K
}
Event: 16.656 GC heap before
{Heap before GC invocations=4 (full 0):
 garbage-first heap   total 131072K, used 37351K [0x0000000080000000, 0x0000000100000000)
  region size 1024K, 27 young (27648K), 10 survivors (10240K)
 Metaspace       used 20829K, committed 21504K, reserved 487424K
  class space    used 2963K, committed 3328K, reserved 421888K
}
Event: 16.679 GC heap after
{Heap after GC invocations=5 (full 0):
 garbage-first heap   total 131072K, used 22656K [0x0000000080000000, 0x0000000100000000)
  region size 1024K, 2 young (2048K), 2 survivors (2048K)
 Metaspace       used 20829K, committed 21504K, reserved 487424K
  class space    used 2963K, committed 3328K, reserved 421888K
}

