# JRE version: Java(TM) SE Runtime Environment (19.0.2+7) (build 19.0.2+7-44)
# Java VM: Java HotSpot(TM) 64-Bit Server VM (19.0.2+7-44, mixed mode, sharing, tiered, compressed oops, compressed class ptrs, g1 gc, windows-amd64)
GC Precious Log:
 CardTable entry size: 512
 Card Set container configuration: InlinePtr #cards 5 size 8 Array Of Cards #cards 12 size 40 Howl #buckets 4 coarsen threshold 1843 Howl Bitmap #cards 512 size 80 coarsen threshold 460 Card regions per heap region 1 cards per card region 2048
 CPUs: 4 total, 4 available
 Memory: 8077M
 Large Page Support: Disabled
 NUMA Support: Disabled
 Compressed Oops: Enabled (32-bit)
 Heap Region Size: 1M
 Heap Min Capacity: 8M
 Heap Initial Capacity: 128M
 Heap Max Capacity: 2G
 Pre-touch: Disabled
 Parallel Workers: 4
 Concurrent Workers: 1
 Concurrent Refinement Workers: 4
 Periodic GC: Disabled
Heap:
 garbage-first heap   total 244736K, used 187951K [0x0000000080000000, 0x0000000100000000)
  region size 1024K, 6 young (6144K), 4 survivors (4096K)
 Metaspace       used 110010K, committed 112384K, reserved 552960K
  class space    used 14678K, committed 15872K, reserved 421888K
GC Heap History (20 events):
Event: 78.437 GC heap before
{Heap before GC invocations=40 (full 0):
 garbage-first heap   total 168960K, used 135981K [0x0000000080000000, 0x0000000100000000)
  region size 1024K, 33 young (33792K), 7 survivors (7168K)
 Metaspace       used 93320K, committed 95552K, reserved 552960K
  class space    used 12622K, committed 13760K, reserved 421888K
}
Event: 78.449 GC heap after
{Heap after GC invocations=41 (full 0):
 garbage-first heap   total 168960K, used 114304K [0x0000000080000000, 0x0000000100000000)
  region size 1024K, 5 young (5120K), 5 survivors (5120K)
 Metaspace       used 93320K, committed 95552K, reserved 552960K
  class space    used 12622K, committed 13760K, reserved 421888K
}
Event: 79.395 GC heap before
{Heap before GC invocations=42 (full 0):
 garbage-first heap   total 203776K, used 134784K [0x0000000080000000, 0x0000000100000000)
  region size 1024K, 25 young (25600K), 5 survivors (5120K)
 Metaspace       used 93888K, committed 96128K, reserved 552960K
  class space    used 12684K, committed 13824K, reserved 421888K
}
Event: 79.413 GC heap after
{Heap after GC invocations=43 (full 0):
 garbage-first heap   total 203776K, used 118035K [0x0000000080000000, 0x0000000100000000)
  region size 1024K, 4 young (4096K), 4 survivors (4096K)
 Metaspace       used 93888K, committed 96128K, reserved 552960K
  class space    used 12684K, committed 13824K, reserved 421888K
}
Event: 79.561 GC heap before
{Heap before GC invocations=43 (full 0):
 garbage-first heap   total 203776K, used 123155K [0x0000000080000000, 0x0000000100000000)
  region size 1024K, 9 young (9216K), 4 survivors (4096K)
 Metaspace       used 93943K, committed 96192K, reserved 552960K
  class space    used 12689K, committed 13824K, reserved 421888K
}
Event: 79.573 GC heap after
{Heap after GC invocations=44 (full 0):
 garbage-first heap   total 244736K, used 117138K [0x0000000080000000, 0x0000000100000000)
  region size 1024K, 1 young (1024K), 1 survivors (1024K)
 Metaspace       used 93943K, committed 96192K, reserved 552960K
  class space    used 12689K, committed 13824K, reserved 421888K
}
Event: 83.599 GC heap before
{Heap before GC invocations=44 (full 0):
 garbage-first heap   total 244736K, used 192914K [0x0000000080000000, 0x0000000100000000)
  region size 1024K, 73 young (74752K), 1 survivors (1024K)
 Metaspace       used 97737K, committed 100032K, reserved 552960K
  class space    used 13219K, committed 14400K, reserved 421888K
}
Event: 83.614 GC heap after
{Heap after GC invocations=45 (full 0):
 garbage-first heap   total 244736K, used 128090K [0x0000000080000000, 0x0000000100000000)
  region size 1024K, 10 young (10240K), 10 survivors (10240K)
 Metaspace       used 97737K, committed 100032K, reserved 552960K
  class space    used 13219K, committed 14400K, reserved 421888K
}
Event: 87.653 GC heap before
{Heap before GC invocations=45 (full 0):
 garbage-first heap   total 244736K, used 194650K [0x0000000080000000, 0x0000000100000000)
  region size 1024K, 75 young (76800K), 10 survivors (10240K)
 Metaspace       used 100948K, committed 103296K, reserved 552960K
  class space    used 13638K, committed 14848K, reserved 421888K
}
Event: 87.678 GC heap after
{Heap after GC invocations=46 (full 0):
 garbage-first heap   total 244736K, used 133967K [0x0000000080000000, 0x0000000100000000)
  region size 1024K, 6 young (6144K), 6 survivors (6144K)
 Metaspace       used 100948K, committed 103296K, reserved 552960K
  class space    used 13638K, committed 14848K, reserved 421888K
}
Event: 89.490 GC heap before
{Heap before GC invocations=46 (full 0):
 garbage-first heap   total 244736K, used 198479K [0x0000000080000000, 0x0000000100000000)
  region size 1024K, 69 young (70656K), 6 survivors (6144K)
 Metaspace       used 101188K, committed 103488K, reserved 552960K
  class space    used 13657K, committed 14848K, reserved 421888K
}
Event: 89.526 GC heap after
{Heap after GC invocations=47 (full 0):
 garbage-first heap   total 244736K, used 144903K [0x0000000080000000, 0x0000000100000000)
  region size 1024K, 9 young (9216K), 9 survivors (9216K)
 Metaspace       used 101188K, committed 103488K, reserved 552960K
  class space    used 13657K, committed 14848K, reserved 421888K
}
Event: 91.968 GC heap before
{Heap before GC invocations=47 (full 0):
 garbage-first heap   total 244736K, used 203271K [0x0000000080000000, 0x0000000100000000)
  region size 1024K, 62 young (63488K), 9 survivors (9216K)
 Metaspace       used 103354K, committed 105728K, reserved 552960K
  class space    used 13910K, committed 15104K, reserved 421888K
}
Event: 91.999 GC heap after
{Heap after GC invocations=48 (full 0):
 garbage-first heap   total 244736K, used 158034K [0x0000000080000000, 0x0000000100000000)
  region size 1024K, 8 young (8192K), 8 survivors (8192K)
 Metaspace       used 103354K, committed 105728K, reserved 552960K
  class space    used 13910K, committed 15104K, reserved 421888K
}
Event: 94.468 GC heap before
{Heap before GC invocations=48 (full 0):
 garbage-first heap   total 244736K, used 202066K [0x0000000080000000, 0x0000000100000000)
  region size 1024K, 51 young (52224K), 8 survivors (8192K)
 Metaspace       used 105460K, committed 107840K, reserved 552960K
  class space    used 14162K, committed 15360K, reserved 421888K
}
Event: 94.491 GC heap after
{Heap after GC invocations=49 (full 0):
 garbage-first heap   total 244736K, used 168960K [0x0000000080000000, 0x0000000100000000)
  region size 1024K, 7 young (7168K), 7 survivors (7168K)
 Metaspace       used 105460K, committed 107840K, reserved 552960K
  class space    used 14162K, committed 15360K, reserved 421888K
}
Event: 96.226 GC heap before
{Heap before GC invocations=49 (full 0):
 garbage-first heap   total 244736K, used 200704K [0x0000000080000000, 0x0000000100000000)
  region size 1024K, 39 young (39936K), 7 survivors (7168K)
 Metaspace       used 107760K, committed 110208K, reserved 552960K
  class space    used 14399K, committed 15616K, reserved 421888K
}
Event: 96.247 GC heap after
{Heap after GC invocations=50 (full 0):
 garbage-first heap   total 244736K, used 176048K [0x0000000080000000, 0x0000000100000000)
  region size 1024K, 5 young (5120K), 5 survivors (5120K)
 Metaspace       used 107760K, committed 110208K, reserved 552960K
  class space    used 14399K, committed 15616K, reserved 421888K
}
Event: 97.485 GC heap before
{Heap before GC invocations=50 (full 0):
 garbage-first heap   total 244736K, used 204720K [0x0000000080000000, 0x0000000100000000)
  region size 1024K, 33 young (33792K), 5 survivors (5120K)
 Metaspace       used 109125K, committed 111552K, reserved 552960K
  class space    used 14581K, committed 15808K, reserved 421888K
}
Event: 97.504 GC heap after
{Heap after GC invocations=51 (full 0):
 garbage-first heap   total 244736K, used 180316K [0x0000000080000000, 0x0000000100000000)
  region size 1024K, 4 young (4096K), 4 survivors (4096K)
 Metaspace       used 109125K, committed 111552K, reserved 552960K
  class space    used 14581K, committed 15808K, reserved 421888K
}

